[Board Manager] Running global callback for tasks: fullclean
Executing action: fullclean
Traceback (most recent call last):
  File "C:\Espressif\frameworks\esp-idf-v5.5.4\tools\idf.py", line 934, in <module>
    main()
  File "C:\Espressif\frameworks\esp-idf-v5.5.4\tools\idf.py", line 813, in main
    cli(argv, prog_name=PROG, complete_var=SHELL_COMPLETE_VAR)
  File "C:\Espressif\python_env\idf5.5_py3.11_env\Lib\site-packages\click\core.py", line 1161, in __call__
    return self.main(*args, **kwargs)
           ^^^^^^^^^^^^^^^^^^^^^^^^^^
  File "C:\Espressif\python_env\idf5.5_py3.11_env\Lib\site-packages\click\core.py", line 1082, in main
    rv = self.invoke(ctx)
         ^^^^^^^^^^^^^^^^
  File "C:\Espressif\python_env\idf5.5_py3.11_env\Lib\site-packages\click\core.py", line 1729, in invoke
    return _process_result(rv)
           ^^^^^^^^^^^^^^^^^^^
  File "C:\Espressif\python_env\idf5.5_py3.11_env\Lib\site-packages\click\core.py", line 1666, in _process_result
    value = ctx.invoke(self._result_callback, value, **ctx.params)
            ^^^^^^^^^^^^^^^^^^^^^^^^^^^^^^^^^^^^^^^^^^^^^^^^^^^^^^
  File "C:\Espressif\python_env\idf5.5_py3.11_env\Lib\site-packages\click\core.py", line 788, in invoke
    return __callback(*args, **kwargs)
           ^^^^^^^^^^^^^^^^^^^^^^^^^^^
  File "C:\Espressif\frameworks\esp-idf-v5.5.4\tools\idf.py", line 709, in execute_tasks
    task(ctx, global_args, task.action_args)
  File "C:\Espressif\frameworks\esp-idf-v5.5.4\tools\idf.py", line 239, in __call__
    self.callback(self.name, context, global_args, **action_args)
  File "C:\Espressif\frameworks\esp-idf-v5.5.4\tools\idf_py_actions\core_ext.py", line 260, in fullclean
    shutil.rmtree(f)
  File "shutil.py", line 759, in rmtree
  File "shutil.py", line 622, in _rmtree_unsafe
  File "shutil.py", line 620, in _rmtree_unsafe
PermissionError: [WinError 32] 另一个程序正在使用此文件，进程无法访问。: 'E:\\github\\esp-claw\\application\\edge_agent\\build\\log\\idf_py_stderr_output_78900'
